rtbase/package/runtime.lst
rtbase/Version
rtbase/_imsgtst/makefile
rtbase/_imsgtst/herd.x
rtbase/_imsgtst/MAKE
rtbase/_imsgtst/imsg.x
rtbase/shells/mkruntime.sh
rtbase/shells/mkwhat.sh
rtbase/shells/mktar.sh
rtbase/base/system
rtbase/base/command.sh
rtbase/base/command.def
rtbase/base/TARGET
rtbase/base/makefile.def
rtbase/MAKE
rtbase/lib/makefile
rtbase/lib/librtbase.a
rtbase/lib/librtbase.so
rtbase/lib/MAKE
rtbase/include/rtllist.h
rtbase/include/makefile
rtbase/include/rtlbase.h
rtbase/include/_whatstr.h
rtbase/include/MAKE
rtbase/include/rtlimsg.h
